# //  ModelSim SE-64 2020.4 Oct 13 2020
# //
# //  Copyright 1991-2020 Mentor Graphics Corporation
# //  All Rights Reserved.
# //
# //  ModelSim SE-64 and its associated documentation contain trade
# //  secrets and commercial or financial information that are the property of
# //  Mentor Graphics Corporation and are privileged, confidential,
# //  and exempt from disclosure under the Freedom of Information Act,
# //  5 U.S.C. Section 552. Furthermore, this information
# //  is prohibited from disclosure under the Trade Secrets Act,
# //  18 U.S.C. Section 1905.
# //
# do {tb_ip_clk_wiz_extend_simulate.do}
# vsim -voptargs=""+acc"" -L xil_defaultlib -L xpm -L unisims_ver -L unimacro_ver -L secureip -lib xil_defaultlib xil_defaultlib.tb_ip_clk_wiz_extend xil_defaultlib.glbl 
# Start time: 10:56:29 on Oct 19,2024
# ** Note: (vsim-3813) Design is being optimized due to module recompilation...
# Loading work.tb_ip_clk_wiz_extend(fast)
# Loading work.ip_clk_wiz_extend(fast)
# Loading work.clk_wiz_0(fast)
# Loading work.clk_wiz_0_clk_wiz(fast)
# Loading unisims_ver.IBUF(fast)
# Loading unisims_ver.MMCME2_ADV(fast)
# Loading unisims_ver.BUFG(fast)
# Loading work.ila_0(fast)
# Loading work.glbl(fast)
# 1
# 1
# .main_pane.wave.interior.cs.body.pw.wf
# .main_pane.structure.interior.cs.body.struct
# .main_pane.objects.interior.cs.body.tree
run
# End time: 10:57:34 on Oct 19,2024, Elapsed time: 0:01:05
# Errors: 0, Warnings: 0
