# //  ModelSim SE-64 2020.4 Oct 13 2020
# //
# //  Copyright 1991-2020 Mentor Graphics Corporation
# //  All Rights Reserved.
# //
# //  ModelSim SE-64 and its associated documentation contain trade
# //  secrets and commercial or financial information that are the property of
# //  Mentor Graphics Corporation and are privileged, confidential,
# //  and exempt from disclosure under the Freedom of Information Act,
# //  5 U.S.C. Section 552. Furthermore, this information
# //  is prohibited from disclosure under the Trade Secrets Act,
# //  18 U.S.C. Section 1905.
# //
# do {tb_ip_2port_ram_extend_simulate.do}
# vsim -voptargs=""+acc"" -L xil_defaultlib -L blk_mem_gen_v8_4_4 -L unisims_ver -L unimacro_ver -L secureip -L xpm -lib xil_defaultlib xil_defaultlib.tb_ip_2port_ram_extend xil_defaultlib.glbl 
# Start time: 15:13:29 on Nov 03,2024
# ** Note: (vsim-3813) Design is being optimized due to module recompilation...
# Loading work.tb_ip_2port_ram_extend(fast)
# Loading work.ip_2port_ram_extend(fast)
# Loading work.ram_rw(fast)
# Loading work.blk_mem_gen_0(fast)
# Loading blk_mem_gen_v8_4_4.blk_mem_gen_v8_4_4(fast)
# Loading blk_mem_gen_v8_4_4.blk_mem_gen_v8_4_4_mem_module(fast)
# Loading blk_mem_gen_v8_4_4.blk_mem_gen_v8_4_4_output_stage(fast)
# Loading blk_mem_gen_v8_4_4.blk_mem_gen_v8_4_4_softecc_output_reg_stage(fast)
# Loading work.glbl(fast)
# 1
# 1
# .main_pane.wave.interior.cs.body.pw.wf
# .main_pane.structure.interior.cs.body.struct
# .main_pane.objects.interior.cs.body.tree
# Block Memory Generator module tb_ip_2port_ram_extend.u_ip_2port_ram_extend.u_blk_mem_gen_0.inst.native_mem_module.blk_mem_gen_v8_4_4_inst is using a behavioral model for simulation which will not precisely model memory collision behavior.
add wave -position insertpoint sim:/tb_ip_2port_ram_extend/u_ip_2port_ram_extend/*
run
restart
# ** Note: (vsim-8009) Loading existing optimized design _opt
# Loading work.tb_ip_2port_ram_extend(fast)
# Loading work.ip_2port_ram_extend(fast)
# Loading work.ram_rw(fast)
# Loading work.blk_mem_gen_0(fast)
# Loading blk_mem_gen_v8_4_4.blk_mem_gen_v8_4_4(fast)
# Loading blk_mem_gen_v8_4_4.blk_mem_gen_v8_4_4_mem_module(fast)
# Loading blk_mem_gen_v8_4_4.blk_mem_gen_v8_4_4_output_stage(fast)
# Loading blk_mem_gen_v8_4_4.blk_mem_gen_v8_4_4_softecc_output_reg_stage(fast)
# Loading work.glbl(fast)
run
# Block Memory Generator module tb_ip_2port_ram_extend.u_ip_2port_ram_extend.u_blk_mem_gen_0.inst.native_mem_module.blk_mem_gen_v8_4_4_inst is using a behavioral model for simulation which will not precisely model memory collision behavior.
# End time: 15:16:09 on Nov 03,2024, Elapsed time: 0:02:40
# Errors: 0, Warnings: 0
