Copyright 1986-2020 Xilinx, Inc. All Rights Reserved.
-------------------------------------------------------------------------------------------
| Tool Version : Vivado v.2020.2 (win64) Build 3064766 Wed Nov 18 09:12:45 MST 2020
| Date         : Wed Oct  9 23:46:29 2024
| Host         : LAPTOP-ARIBH9A2 running 64-bit major release  (build 9200)
| Command      : report_control_sets -verbose -file top_breath_led_control_sets_placed.rpt
| Design       : top_breath_led
| Device       : xc7z010
-------------------------------------------------------------------------------------------

Control Set Information

Table of Contents
-----------------
1. Summary
2. Histogram
3. Flip-Flop Distribution
4. Detailed Control Set Information

1. Summary
----------

+----------------------------------------------------------+-------+
|                          Status                          | Count |
+----------------------------------------------------------+-------+
| Total control sets                                       |     5 |
|    Minimum number of control sets                        |     5 |
|    Addition due to synthesis replication                 |     0 |
|    Addition due to physical synthesis replication        |     0 |
| Unused register locations in slices containing registers |    31 |
+----------------------------------------------------------+-------+
* Control sets can be merged at opt_design using control_set_merge or merge_equivalent_drivers
** Run report_qor_suggestions for automated merging and remapping suggestions


2. Histogram
------------

+--------------------+-------+
|       Fanout       | Count |
+--------------------+-------+
| Total control sets |     5 |
| >= 0 to < 4        |     0 |
| >= 4 to < 6        |     0 |
| >= 6 to < 8        |     0 |
| >= 8 to < 10       |     0 |
| >= 10 to < 12      |     4 |
| >= 12 to < 14      |     0 |
| >= 14 to < 16      |     0 |
| >= 16              |     1 |
+--------------------+-------+
* Control sets can be remapped at either synth_design or opt_design


3. Flip-Flop Distribution
-------------------------

+--------------+-----------------------+------------------------+-----------------+--------------+
| Clock Enable | Synchronous Set/Reset | Asynchronous Set/Reset | Total Registers | Total Slices |
+--------------+-----------------------+------------------------+-----------------+--------------+
| No           | No                    | No                     |               0 |            0 |
| No           | No                    | Yes                    |              17 |            7 |
| No           | Yes                   | No                     |               0 |            0 |
| Yes          | No                    | No                     |               0 |            0 |
| Yes          | No                    | Yes                    |              40 |           14 |
| Yes          | Yes                   | No                     |               0 |            0 |
+--------------+-----------------------+------------------------+-----------------+--------------+


4. Detailed Control Set Information
-----------------------------------

+--------------------+-------------------------------------+-------------------------+------------------+----------------+--------------+
|    Clock Signal    |            Enable Signal            |     Set/Reset Signal    | Slice Load Count | Bel Load Count | Bels / Slice |
+--------------------+-------------------------------------+-------------------------+------------------+----------------+--------------+
|  sys_clk_IBUF_BUFG | u1_breath_led/cnt_2ms[9]_i_1__0_n_0 | u1_breath_led/sys_rst_n |                3 |             10 |         3.33 |
|  sys_clk_IBUF_BUFG | u1_breath_led/sel                   | u1_breath_led/sys_rst_n |                3 |             10 |         3.33 |
|  sys_clk_IBUF_BUFG | u2_breath_led/cnt_2s[9]_i_1_n_0     | u1_breath_led/sys_rst_n |                4 |             10 |         2.50 |
|  sys_clk_IBUF_BUFG | u2_breath_led/cnt_2ms0              | u1_breath_led/sys_rst_n |                4 |             10 |         2.50 |
|  sys_clk_IBUF_BUFG |                                     | u1_breath_led/sys_rst_n |                7 |             17 |         2.43 |
+--------------------+-------------------------------------+-------------------------+------------------+----------------+--------------+


